<?xml version="1.0" encoding="UTF-8"?>
<!-- Generated by org.testng.reporters.JUnitXMLReporter -->
<testsuite hostname="akliuieva3-wf.local" tests="19" failures="0" timestamp="30 Apr 2018 14:23:04 GMT" time="42.443" errors="0">
  <testcase name="verifyFindAllItems" time="1.782" classname="DBTest"/>
  <testcase name="verifyGetByIdNotFoundResponse" time="0.087" classname="DBTest"/>
  <testcase name="verifyGetByIdRequestOkResponse" time="0.047" classname="DBTest"/>
  <testcase name="verifySaveItemToDB" time="0.012" classname="DBTest"/>
  <testcase name="testCreateDogMethod" time="2.303" classname="DogControllerTest"/>
  <testcase name="testDeleteDogMethod" time="0.006" classname="DogControllerTest"/>
  <testcase name="testGetAllDogsMethod" time="0.0" classname="DogControllerTest"/>
  <testcase name="testGetDogByIdMethod" time="0.002" classname="DogControllerTest"/>
  <testcase name="testUpdateDogMethod" time="0.001" classname="DogControllerTest"/>
  <testcase name="verifyAddDogRequest_200Ok" time="0.873" classname="DogDAOTest"/>
  <testcase name="verifyAddDogRequest_404BadRequest" time="1.081" classname="DogDAOTest"/>
  <testcase name="verifyDeleteRequest_200Ok" time="0.161" classname="DogDAOTest"/>
  <testcase name="verifyDeleteRequest_400NotFound" time="0.28" classname="DogDAOTest"/>
  <testcase name="verifyFindAll_EmptyDB" time="0.166" classname="DogDAOTest"/>
  <testcase name="verifyGetAllRequest" time="0.338" classname="DogDAOTest"/>
  <testcase name="verifyGetByIdRequestNotFoundEntry_ShouldReturnHttpStatusCode404" time="0.245" classname="DogDAOTest"/>
  <testcase name="verifyGetByIdRequestOkResponse" time="0.047" classname="DogDAOTest"/>
  <testcase name="verifyUpdateRequest_200Ok" time="0.289" classname="DogDAOTest"/>
  <testcase name="verifyUpdateRequest_404NotFound" time="0.076" classname="DogDAOTest"/>
</testsuite>
