<?xml version="1.0" encoding="UTF-8"?>
<testsuite xmlns:xsi="http://www.w3.org/2001/XMLSchema-instance" xsi:noNamespaceSchemaLocation="https://maven.apache.org/surefire/maven-surefire-plugin/xsd/surefire-test-report.xsd" name="TestSuite" time="63.82" tests="19" errors="0" skipped="0" failures="0">
  <properties>
[...]
</properties>
  <testcase name="verifyFindAllItems" classname="DBTest" time="1.788"/>
  <testcase name="verifyGetByIdNotFoundResponse" classname="DBTest" time="0.083"/>
  <testcase name="verifyGetByIdRequestOkResponse" classname="DBTest" time="0.047"/>
  <testcase name="verifySaveItemToDB" classname="DBTest" time="0.011"/>
  <testcase name="testCreateDogMethod" classname="DogControllerTest" time="2.302"/>
  <testcase name="testDeleteDogMethod" classname="DogControllerTest" time="0.006"/>
  <testcase name="testGetAllDogsMethod" classname="DogControllerTest" time="0"/>
  <testcase name="testGetDogByIdMethod" classname="DogControllerTest" time="0.001"/>
  <testcase name="testUpdateDogMethod" classname="DogControllerTest" time="0.001"/>
  <testcase name="verifyAddDogRequest_200Ok" classname="DogDAOTest" time="0.873"/>
  <testcase name="verifyAddDogRequest_404BadRequest" classname="DogDAOTest" time="1.076"/>
  <testcase name="verifyDeleteRequest_200Ok" classname="DogDAOTest" time="0.161"/>
  <testcase name="verifyDeleteRequest_400NotFound" classname="DogDAOTest" time="0.28"/>
  <testcase name="verifyFindAll_EmptyDB" classname="DogDAOTest" time="0.167"/>
  <testcase name="verifyGetAllRequest" classname="DogDAOTest" time="0.337"/>
  <testcase name="verifyGetByIdRequestNotFoundEntry_ShouldReturnHttpStatusCode404" classname="DogDAOTest" time="0.246"/>
  <testcase name="verifyGetByIdRequestOkResponse" classname="DogDAOTest" time="0.047"/>
  <testcase name="verifyUpdateRequest_200Ok" classname="DogDAOTest" time="0.289"/>
  <testcase name="verifyUpdateRequest_404NotFound" classname="DogDAOTest" time="0.075"/>
</testsuite>